#
# There is insufficient memory for the Java Runtime Environment to continue.
# Native memory allocation (malloc) failed to allocate 1549776 bytes for Chunk::new
# Possible reasons:
#   The system is out of physical RAM or swap space
#   The process is running with CompressedOops enabled, and the Java Heap may be blocking the growth of the native heap
# Possible solutions:
#   Reduce memory load on the system
#   Increase physical memory or swap space
#   Check if swap backing store is full
#   Decrease Java heap size (-Xmx/-Xms)
#   Decrease number of Java threads
#   Decrease Java thread stack sizes (-Xss)
#   Set larger code cache with -XX:ReservedCodeCacheSize=
#   JVM is running with Unscaled Compressed Oops mode in which the Java heap is
#     placed in the first 4GB address space. The Java Heap base address is the
#     maximum limit for the native heap growth. Please use -XX:HeapBaseMinAddress
#     to set the Java Heap base and to place the Java Heap above 4GB virtual address.
# This output file may be truncated or incomplete.
#
#  Out of Memory Error (arena.cpp:191), pid=21816, tid=20940
#
# JRE version: OpenJDK Runtime Environment Temurin-17.0.10+7 (17.0.10+7) (build 17.0.10+7)
# Java VM: OpenJDK 64-Bit Server VM Temurin-17.0.10+7 (17.0.10+7, mixed mode, tiered, compressed oops, compressed class ptrs, parallel gc, windows-amd64)
# No core dump will be written. Minidumps are not enabled by default on client versions of Windows
#

---------------  S U M M A R Y ------------

Command Line: --add-modules=ALL-SYSTEM --add-opens=java.base/java.util=ALL-UNNAMED --add-opens=java.base/java.lang=ALL-UNNAMED --add-opens=java.base/sun.nio.fs=ALL-UNNAMED -Declipse.application=org.eclipse.jdt.ls.core.id1 -Dosgi.bundles.defaultStartLevel=4 -Declipse.product=org.eclipse.jdt.ls.core.product -Djava.import.generatesMetadataFilesAtProjectRoot=false -DDetectVMInstallationsJob.disabled=true -Dfile.encoding=utf8 -XX:+UseParallelGC -XX:GCTimeRatio=4 -XX:AdaptiveSizePolicyWeight=90 -Dsun.zip.disableMemoryMapping=true -Xmx1G -Xms100m -Xlog:disable -javaagent:c:\Users\witsa\.vscode\extensions\redhat.java-1.28.1-win32-x64\lombok\lombok-1.18.31.jar -XX:+HeapDumpOnOutOfMemoryError -XX:HeapDumpPath=c:\Users\witsa\AppData\Roaming\Code\User\workspaceStorage\033dae70a1fcf7411acd14cd74291c68\redhat.java -Daether.dependencyCollector.impl=bf c:\Users\witsa\.vscode\extensions\redhat.java-1.28.1-win32-x64\server\plugins\org.eclipse.equinox.launcher_1.6.700.v20231214-2017.jar -configuration c:\Users\witsa\AppData\Roaming\Code\User\globalStorage\redhat.java\1.28.1\config_win -data c:\Users\witsa\AppData\Roaming\Code\User\workspaceStorage\033dae70a1fcf7411acd14cd74291c68\redhat.java\jdt_ws --stdio

Host: 11th Gen Intel(R) Core(TM) i5-11300H @ 3.10GHz, 8 cores, 15G,  Windows 11 , 64 bit Build 22621 (10.0.22621.3085)
Time: Thu Mar  7 19:51:07 2024 SE Asia Standard Time elapsed time: 13.577885 seconds (0d 0h 0m 13s)

---------------  T H R E A D  ---------------

Current thread (0x00000181eb4b3ea0):  JavaThread "C2 CompilerThread0" daemon [_thread_in_native, id=20940, stack(0x0000006930500000,0x0000006930600000)]


Current CompileTask:
C2:  13577 3957       4       jdk.internal.org.objectweb.asm.Frame::execute (2318 bytes)

Stack: [0x0000006930500000,0x0000006930600000]
Native frames: (J=compiled Java code, j=interpreted, Vv=VM code, C=native code)
V  [jvm.dll+0x67d2c9]
V  [jvm.dll+0x834afa]
V  [jvm.dll+0x8365be]
V  [jvm.dll+0x836c23]
V  [jvm.dll+0x2477ff]
V  [jvm.dll+0xac514]
V  [jvm.dll+0xacb5c]
V  [jvm.dll+0x366782]
V  [jvm.dll+0x330bfa]
V  [jvm.dll+0x33009a]
V  [jvm.dll+0x219ef1]
V  [jvm.dll+0x219311]
V  [jvm.dll+0x1a502d]
V  [jvm.dll+0x2290de]
V  [jvm.dll+0x2272ac]
V  [jvm.dll+0x7e9bb7]
V  [jvm.dll+0x7e3fba]
V  [jvm.dll+0x67c1b5]
C  [ucrtbase.dll+0x29363]
C  [KERNEL32.DLL+0x1257d]
C  [ntdll.dll+0x5aa58]


---------------  P R O C E S S  ---------------

Threads class SMR info:
_java_thread_list=0x00000181ef814aa0, length=29, elements={
0x00000181d24f1150, 0x00000181e6375030, 0x00000181e6375eb0, 0x00000181eb495830,
0x00000181e637e350, 0x00000181eb4b0f20, 0x00000181eb4b2090, 0x00000181eb4b3ea0,
0x00000181eb4bcc10, 0x00000181eb4c6490, 0x00000181d2552cb0, 0x00000181eb7e2820,
0x00000181ecf5a530, 0x00000181ecdee170, 0x00000181ecfa97e0, 0x00000181ec93e380,
0x00000181ed590650, 0x00000181ecadb560, 0x00000181ed330a90, 0x00000181ed330580,
0x00000181ed3328f0, 0x00000181ec728530, 0x00000181ed331ed0, 0x00000181ed330fa0,
0x00000181ed333310, 0x00000181ed3314b0, 0x00000181ed3319c0, 0x00000181ed330070,
0x00000181efd1cbf0
}

Java Threads: ( => current thread )
  0x00000181d24f1150 JavaThread "main" [_thread_blocked, id=30876, stack(0x000000692fc00000,0x000000692fd00000)]
  0x00000181e6375030 JavaThread "Reference Handler" daemon [_thread_blocked, id=3948, stack(0x000000692ff00000,0x0000006930000000)]
  0x00000181e6375eb0 JavaThread "Finalizer" daemon [_thread_blocked, id=6728, stack(0x0000006930000000,0x0000006930100000)]
  0x00000181eb495830 JavaThread "Signal Dispatcher" daemon [_thread_blocked, id=14000, stack(0x0000006930100000,0x0000006930200000)]
  0x00000181e637e350 JavaThread "Attach Listener" daemon [_thread_blocked, id=24492, stack(0x0000006930200000,0x0000006930300000)]
  0x00000181eb4b0f20 JavaThread "Service Thread" daemon [_thread_blocked, id=7064, stack(0x0000006930300000,0x0000006930400000)]
  0x00000181eb4b2090 JavaThread "Monitor Deflation Thread" daemon [_thread_blocked, id=29332, stack(0x0000006930400000,0x0000006930500000)]
=>0x00000181eb4b3ea0 JavaThread "C2 CompilerThread0" daemon [_thread_in_native, id=20940, stack(0x0000006930500000,0x0000006930600000)]
  0x00000181eb4bcc10 JavaThread "C1 CompilerThread0" daemon [_thread_blocked, id=26932, stack(0x0000006930600000,0x0000006930700000)]
  0x00000181eb4c6490 JavaThread "Sweeper thread" daemon [_thread_blocked, id=12772, stack(0x0000006930700000,0x0000006930800000)]
  0x00000181d2552cb0 JavaThread "Common-Cleaner" daemon [_thread_blocked, id=24556, stack(0x0000006930800000,0x0000006930900000)]
  0x00000181eb7e2820 JavaThread "Notification Thread" daemon [_thread_blocked, id=29164, stack(0x0000006930900000,0x0000006930a00000)]
  0x00000181ecf5a530 JavaThread "Active Thread: Equinox Container: 884a01f0-063b-4e8e-bab3-2e38e3afdddc" [_thread_blocked, id=18096, stack(0x0000006931300000,0x0000006931400000)]
  0x00000181ecdee170 JavaThread "Framework Event Dispatcher: Equinox Container: 884a01f0-063b-4e8e-bab3-2e38e3afdddc" daemon [_thread_blocked, id=12488, stack(0x0000006930b00000,0x0000006930c00000)]
  0x00000181ecfa97e0 JavaThread "Start Level: Equinox Container: 884a01f0-063b-4e8e-bab3-2e38e3afdddc" daemon [_thread_blocked, id=4792, stack(0x0000006930c00000,0x0000006930d00000)]
  0x00000181ec93e380 JavaThread "Bundle File Closer" daemon [_thread_blocked, id=29024, stack(0x0000006931600000,0x0000006931700000)]
  0x00000181ed590650 JavaThread "SCR Component Actor" daemon [_thread_blocked, id=12624, stack(0x0000006931500000,0x0000006931600000)]
  0x00000181ecadb560 JavaThread "SCR Component Registry" daemon [_thread_blocked, id=25416, stack(0x0000006931700000,0x0000006931800000)]
  0x00000181ed330a90 JavaThread "Worker-JM" [_thread_blocked, id=2296, stack(0x0000006931800000,0x0000006931900000)]
  0x00000181ed330580 JavaThread "Worker-0: Repository registry initialization" [_thread_blocked, id=30200, stack(0x0000006931900000,0x0000006931a00000)]
  0x00000181ed3328f0 JavaThread "Worker-1: Updating Maven Dependencies" [_thread_in_vm, id=20784, stack(0x0000006931a00000,0x0000006931b00000)]
  0x00000181ec728530 JavaThread "C2 CompilerThread1" daemon [_thread_in_native, id=12700, stack(0x0000006931b00000,0x0000006931c00000)]
  0x00000181ed331ed0 JavaThread "Java indexing" daemon [_thread_blocked, id=228, stack(0x0000006931c00000,0x0000006931d00000)]
  0x00000181ed330fa0 JavaThread "JNA Cleaner" daemon [_thread_blocked, id=22360, stack(0x0000006931d00000,0x0000006931e00000)]
  0x00000181ed333310 JavaThread "Worker-2" [_thread_blocked, id=2024, stack(0x0000006931e00000,0x0000006931f00000)]
  0x00000181ed3314b0 JavaThread "pool-2-thread-1" [_thread_blocked, id=7792, stack(0x0000006931f00000,0x0000006932000000)]
  0x00000181ed3319c0 JavaThread "Worker-3" [_thread_blocked, id=5032, stack(0x0000006932000000,0x0000006932100000)]
  0x00000181ed330070 JavaThread "WorkspaceEventsHandler" [_thread_blocked, id=3180, stack(0x0000006932100000,0x0000006932200000)]
  0x00000181efd1cbf0 JavaThread "pool-1-thread-1" [_thread_in_vm, id=16292, stack(0x0000006932200000,0x0000006932300000)]

Other Threads:
  0x00000181d257b2d0 VMThread "VM Thread" [stack: 0x000000692fe00000,0x000000692ff00000] [id=21776]
  0x00000181eb7e2d00 WatcherThread [stack: 0x0000006930a00000,0x0000006930b00000] [id=21884]
  0x00000181d2505450 GCTaskThread "GC Thread#0" [stack: 0x000000692fd00000,0x000000692fe00000] [id=9908]
  0x00000181eca00a90 GCTaskThread "GC Thread#1" [stack: 0x0000006930d00000,0x0000006930e00000] [id=23984]
  0x00000181ec9ffdb0 GCTaskThread "GC Thread#2" [stack: 0x0000006930e00000,0x0000006930f00000] [id=2748]
  0x00000181eca00070 GCTaskThread "GC Thread#3" [stack: 0x0000006930f00000,0x0000006931000000] [id=20136]
  0x00000181eca00330 GCTaskThread "GC Thread#4" [stack: 0x0000006931000000,0x0000006931100000] [id=31296]
  0x00000181ecadf8f0 GCTaskThread "GC Thread#5" [stack: 0x0000006931100000,0x0000006931200000] [id=13712]
  0x00000181ecadfbb0 GCTaskThread "GC Thread#6" [stack: 0x0000006931200000,0x0000006931300000] [id=3544]
  0x00000181ecf8b050 GCTaskThread "GC Thread#7" [stack: 0x0000006931400000,0x0000006931500000] [id=17388]

Threads with active compile tasks:
C2 CompilerThread0    13602 3957       4       jdk.internal.org.objectweb.asm.Frame::execute (2318 bytes)
C1 CompilerThread0    13602 4012       3       java.lang.Class::getMethodsRecursive (99 bytes)
C2 CompilerThread1    13602 3909   !   4       org.eclipse.osgi.internal.loader.classpath.ClasspathManager::findLocalClass (210 bytes)

VM state: not at safepoint (normal execution)

VM Mutex/Monitor currently owned by a thread: None

Heap address: 0x00000000c0000000, size: 1024 MB, Compressed Oops mode: 32-bit

CDS archive(s) not mapped
Compressed class space mapped at: 0x0000000100000000-0x0000000140000000, reserved size: 1073741824
Narrow klass base: 0x0000000000000000, Narrow klass shift: 3, Narrow klass range: 0x140000000

GC Precious Log:
 CPUs: 8 total, 8 available
 Memory: 16075M
 Large Page Support: Disabled
 NUMA Support: Disabled
 Compressed Oops: Enabled (32-bit)
 Alignments: Space 512K, Generation 512K, Heap 2M
 Heap Min Capacity: 100M
 Heap Initial Capacity: 100M
 Heap Max Capacity: 1G
 Pre-touch: Disabled
 Parallel Workers: 8

Heap:
 PSYoungGen      total 24576K, used 18831K [0x00000000eab00000, 0x00000000ec800000, 0x0000000100000000)
  eden space 23040K, 76% used [0x00000000eab00000,0x00000000ebc1e6d8,0x00000000ec180000)
  from space 1536K, 84% used [0x00000000ec200000,0x00000000ec345630,0x00000000ec380000)
  to   space 2560K, 0% used [0x00000000ec580000,0x00000000ec580000,0x00000000ec800000)
 ParOldGen       total 68608K, used 14952K [0x00000000c0000000, 0x00000000c4300000, 0x00000000eab00000)
  object space 68608K, 21% used [0x00000000c0000000,0x00000000c0e9a390,0x00000000c4300000)
 Metaspace       used 40538K, committed 41408K, reserved 1114112K
  class space    used 4184K, committed 4544K, reserved 1048576K

Card table byte_map: [0x00000181d1e80000,0x00000181d2090000] _byte_map_base: 0x00000181d1880000

Marking Bits: (ParMarkBitMap*) 0x00007ffa13a6d7d0
 Begin Bits: [0x00000181e4180000, 0x00000181e5180000)
 End Bits:   [0x00000181e5180000, 0x00000181e6180000)

Polling page: 0x00000181d0480000

Metaspace:

Usage:
  Non-class:     35.50 MB used.
      Class:      4.09 MB used.
       Both:     39.59 MB used.

Virtual space:
  Non-class space:       64.00 MB reserved,      36.00 MB ( 56%) committed,  1 nodes.
      Class space:        1.00 GB reserved,       4.44 MB ( <1%) committed,  1 nodes.
             Both:        1.06 GB reserved,      40.44 MB (  4%) committed. 

Chunk freelists:
   Non-Class:  11.66 MB
       Class:  11.47 MB
        Both:  23.12 MB

MaxMetaspaceSize: unlimited
CompressedClassSpaceSize: 1.00 GB
Initial GC threshold: 21.00 MB
Current GC threshold: 58.38 MB
CDS: off
MetaspaceReclaimPolicy: balanced
 - commit_granule_bytes: 65536.
 - commit_granule_words: 8192.
 - virtual_space_node_default_size: 8388608.
 - enlarge_chunks_in_place: 1.
 - new_chunks_are_fully_committed: 0.
 - uncommit_free_chunks: 1.
 - use_allocation_guard: 0.
 - handle_deallocations: 1.


Internal statistics:

num_allocs_failed_limit: 6.
num_arena_births: 410.
num_arena_deaths: 14.
num_vsnodes_births: 2.
num_vsnodes_deaths: 0.
num_space_committed: 647.
num_space_uncommitted: 0.
num_chunks_returned_to_freelist: 20.
num_chunks_taken_from_freelist: 1768.
num_chunk_merges: 11.
num_chunk_splits: 1132.
num_chunks_enlarged: 718.
num_inconsistent_stats: 0.

CodeHeap 'non-profiled nmethods': size=120000Kb used=1903Kb max_used=1903Kb free=118096Kb
 bounds [0x00000181dcc50000, 0x00000181dcec0000, 0x00000181e4180000]
CodeHeap 'profiled nmethods': size=120000Kb used=8285Kb max_used=8285Kb free=111714Kb
 bounds [0x00000181d5180000, 0x00000181d59a0000, 0x00000181dc6b0000]
CodeHeap 'non-nmethods': size=5760Kb used=1285Kb max_used=1337Kb free=4474Kb
 bounds [0x00000181dc6b0000, 0x00000181dc920000, 0x00000181dcc50000]
 total_blobs=4599 nmethods=4005 adapters=508
 compilation: enabled
              stopped_count=0, restarted_count=0
 full_count=0

Compilation events (20 events):
Event: 13.464 Thread 0x00000181eb4bcc10 nmethod 3984 0x00000181d598a990 code [0x00000181d598ab40, 0x00000181d598ad88]
Event: 13.465 Thread 0x00000181eb4bcc10 3985       3       java.util.stream.AbstractPipeline::evaluate (44 bytes)
Event: 13.465 Thread 0x00000181eb4bcc10 nmethod 3985 0x00000181d598ae90 code [0x00000181d598b0e0, 0x00000181d598b9a8]
Event: 13.465 Thread 0x00000181eb4bcc10 3986       3       java.util.stream.AbstractPipeline::exactOutputSizeIfKnown (86 bytes)
Event: 13.466 Thread 0x00000181eb4bcc10 nmethod 3986 0x00000181d598bc90 code [0x00000181d598be80, 0x00000181d598c528]
Event: 13.466 Thread 0x00000181eb4bcc10 3987       3       java.util.stream.ReferencePipeline::makeNodeBuilder (6 bytes)
Event: 13.466 Thread 0x00000181eb4bcc10 nmethod 3987 0x00000181d598c810 code [0x00000181d598c9a0, 0x00000181d598cae8]
Event: 13.478 Thread 0x00000181eb4bcc10 3989       3       java.util.Collections$EmptySet::iterator (4 bytes)
Event: 13.479 Thread 0x00000181eb4bcc10 nmethod 3989 0x00000181d598cb90 code [0x00000181d598cd20, 0x00000181d598ce98]
Event: 13.479 Thread 0x00000181eb4bcc10 3990       1       com.google.gson.reflect.TypeToken::getType (5 bytes)
Event: 13.479 Thread 0x00000181eb4bcc10 nmethod 3990 0x00000181dce2b590 code [0x00000181dce2b720, 0x00000181dce2b7f8]
Event: 13.480 Thread 0x00000181eb4bcc10 3991       3       java.lang.Class::isLocalOrAnonymousClass (5 bytes)
Event: 13.480 Thread 0x00000181eb4bcc10 nmethod 3991 0x00000181d598cf90 code [0x00000181d598d140, 0x00000181d598d338]
Event: 13.480 Thread 0x00000181eb4bcc10 3992       3       java.lang.Class::hasEnclosingMethodInfo (17 bytes)
Event: 13.480 Thread 0x00000181eb4bcc10 nmethod 3992 0x00000181d598d410 code [0x00000181d598d5c0, 0x00000181d598d798]
Event: 13.481 Thread 0x00000181eb4bcc10 3994       3       com.google.gson.internal.bind.TypeAdapters$31::create (20 bytes)
Event: 13.481 Thread 0x00000181eb4bcc10 nmethod 3994 0x00000181d598d890 code [0x00000181d598da40, 0x00000181d598dbf8]
Event: 13.482 Thread 0x00000181eb4bcc10 3995       1       com.google.gson.reflect.TypeToken::hashCode (5 bytes)
Event: 13.482 Thread 0x00000181eb4bcc10 nmethod 3995 0x00000181dce2b890 code [0x00000181dce2ba20, 0x00000181dce2baf8]
Event: 13.576 Thread 0x00000181eb4bcc10 3996       3       java.util.stream.Nodes$FixedNodeBuilder::<init> (29 bytes)

GC Heap History (20 events):
Event: 11.498 GC heap before
{Heap before GC invocations=4 (full 0):
 PSYoungGen      total 29696K, used 29664K [0x00000000eab00000, 0x00000000ecc00000, 0x0000000100000000)
  eden space 25600K, 100% used [0x00000000eab00000,0x00000000ec400000,0x00000000ec400000)
  from space 4096K, 99% used [0x00000000ec400000,0x00000000ec7f8198,0x00000000ec800000)
  to   space 4096K, 0% used [0x00000000ec800000,0x00000000ec800000,0x00000000ecc00000)
 ParOldGen       total 68608K, used 5266K [0x00000000c0000000, 0x00000000c4300000, 0x00000000eab00000)
  object space 68608K, 7% used [0x00000000c0000000,0x00000000c0524ae0,0x00000000c4300000)
 Metaspace       used 20947K, committed 21376K, reserved 1114112K
  class space    used 2130K, committed 2304K, reserved 1048576K
}
Event: 11.501 GC heap after
{Heap after GC invocations=4 (full 0):
 PSYoungGen      total 29696K, used 4090K [0x00000000eab00000, 0x00000000ecc00000, 0x0000000100000000)
  eden space 25600K, 0% used [0x00000000eab00000,0x00000000eab00000,0x00000000ec400000)
  from space 4096K, 99% used [0x00000000ec800000,0x00000000ecbfe8c0,0x00000000ecc00000)
  to   space 4096K, 0% used [0x00000000ec400000,0x00000000ec400000,0x00000000ec800000)
 ParOldGen       total 68608K, used 6558K [0x00000000c0000000, 0x00000000c4300000, 0x00000000eab00000)
  object space 68608K, 9% used [0x00000000c0000000,0x00000000c0667ac0,0x00000000c4300000)
 Metaspace       used 20947K, committed 21376K, reserved 1114112K
  class space    used 2130K, committed 2304K, reserved 1048576K
}
Event: 11.520 GC heap before
{Heap before GC invocations=5 (full 0):
 PSYoungGen      total 29696K, used 5224K [0x00000000eab00000, 0x00000000ecc00000, 0x0000000100000000)
  eden space 25600K, 4% used [0x00000000eab00000,0x00000000eac1b9f0,0x00000000ec400000)
  from space 4096K, 99% used [0x00000000ec800000,0x00000000ecbfe8c0,0x00000000ecc00000)
  to   space 4096K, 0% used [0x00000000ec400000,0x00000000ec400000,0x00000000ec800000)
 ParOldGen       total 68608K, used 6558K [0x00000000c0000000, 0x00000000c4300000, 0x00000000eab00000)
  object space 68608K, 9% used [0x00000000c0000000,0x00000000c0667ac0,0x00000000c4300000)
 Metaspace       used 21118K, committed 21504K, reserved 1114112K
  class space    used 2146K, committed 2304K, reserved 1048576K
}
Event: 11.522 GC heap after
{Heap after GC invocations=5 (full 0):
 PSYoungGen      total 29696K, used 4092K [0x00000000eab00000, 0x00000000ece00000, 0x0000000100000000)
  eden space 25600K, 0% used [0x00000000eab00000,0x00000000eab00000,0x00000000ec400000)
  from space 4096K, 99% used [0x00000000ec400000,0x00000000ec7ff2a0,0x00000000ec800000)
  to   space 5120K, 0% used [0x00000000ec900000,0x00000000ec900000,0x00000000ece00000)
 ParOldGen       total 68608K, used 6646K [0x00000000c0000000, 0x00000000c4300000, 0x00000000eab00000)
  object space 68608K, 9% used [0x00000000c0000000,0x00000000c067dac0,0x00000000c4300000)
 Metaspace       used 21118K, committed 21504K, reserved 1114112K
  class space    used 2146K, committed 2304K, reserved 1048576K
}
Event: 11.522 GC heap before
{Heap before GC invocations=6 (full 1):
 PSYoungGen      total 29696K, used 4092K [0x00000000eab00000, 0x00000000ece00000, 0x0000000100000000)
  eden space 25600K, 0% used [0x00000000eab00000,0x00000000eab00000,0x00000000ec400000)
  from space 4096K, 99% used [0x00000000ec400000,0x00000000ec7ff2a0,0x00000000ec800000)
  to   space 5120K, 0% used [0x00000000ec900000,0x00000000ec900000,0x00000000ece00000)
 ParOldGen       total 68608K, used 6646K [0x00000000c0000000, 0x00000000c4300000, 0x00000000eab00000)
  object space 68608K, 9% used [0x00000000c0000000,0x00000000c067dac0,0x00000000c4300000)
 Metaspace       used 21118K, committed 21504K, reserved 1114112K
  class space    used 2146K, committed 2304K, reserved 1048576K
}
Event: 11.539 GC heap after
{Heap after GC invocations=6 (full 1):
 PSYoungGen      total 29696K, used 0K [0x00000000eab00000, 0x00000000ece00000, 0x0000000100000000)
  eden space 25600K, 0% used [0x00000000eab00000,0x00000000eab00000,0x00000000ec400000)
  from space 4096K, 0% used [0x00000000ec400000,0x00000000ec400000,0x00000000ec800000)
  to   space 5120K, 0% used [0x00000000ec900000,0x00000000ec900000,0x00000000ece00000)
 ParOldGen       total 68608K, used 10381K [0x00000000c0000000, 0x00000000c4300000, 0x00000000eab00000)
  object space 68608K, 15% used [0x00000000c0000000,0x00000000c0a234a0,0x00000000c4300000)
 Metaspace       used 21105K, committed 21504K, reserved 1114112K
  class space    used 2142K, committed 2304K, reserved 1048576K
}
Event: 11.822 GC heap before
{Heap before GC invocations=7 (full 1):
 PSYoungGen      total 29696K, used 25600K [0x00000000eab00000, 0x00000000ece00000, 0x0000000100000000)
  eden space 25600K, 100% used [0x00000000eab00000,0x00000000ec400000,0x00000000ec400000)
  from space 4096K, 0% used [0x00000000ec400000,0x00000000ec400000,0x00000000ec800000)
  to   space 5120K, 0% used [0x00000000ec900000,0x00000000ec900000,0x00000000ece00000)
 ParOldGen       total 68608K, used 10381K [0x00000000c0000000, 0x00000000c4300000, 0x00000000eab00000)
  object space 68608K, 15% used [0x00000000c0000000,0x00000000c0a234a0,0x00000000c4300000)
 Metaspace       used 24351K, committed 24896K, reserved 1114112K
  class space    used 2485K, committed 2688K, reserved 1048576K
}
Event: 11.824 GC heap after
{Heap after GC invocations=7 (full 1):
 PSYoungGen      total 26624K, used 1290K [0x00000000eab00000, 0x00000000eca80000, 0x0000000100000000)
  eden space 25088K, 0% used [0x00000000eab00000,0x00000000eab00000,0x00000000ec380000)
  from space 1536K, 84% used [0x00000000ec900000,0x00000000eca428f8,0x00000000eca80000)
  to   space 2560K, 0% used [0x00000000ec580000,0x00000000ec580000,0x00000000ec800000)
 ParOldGen       total 68608K, used 10389K [0x00000000c0000000, 0x00000000c4300000, 0x00000000eab00000)
  object space 68608K, 15% used [0x00000000c0000000,0x00000000c0a254a0,0x00000000c4300000)
 Metaspace       used 24351K, committed 24896K, reserved 1114112K
  class space    used 2485K, committed 2688K, reserved 1048576K
}
Event: 12.059 GC heap before
{Heap before GC invocations=8 (full 1):
 PSYoungGen      total 26624K, used 26378K [0x00000000eab00000, 0x00000000eca80000, 0x0000000100000000)
  eden space 25088K, 100% used [0x00000000eab00000,0x00000000ec380000,0x00000000ec380000)
  from space 1536K, 84% used [0x00000000ec900000,0x00000000eca428f8,0x00000000eca80000)
  to   space 2560K, 0% used [0x00000000ec580000,0x00000000ec580000,0x00000000ec800000)
 ParOldGen       total 68608K, used 10389K [0x00000000c0000000, 0x00000000c4300000, 0x00000000eab00000)
  object space 68608K, 15% used [0x00000000c0000000,0x00000000c0a254a0,0x00000000c4300000)
 Metaspace       used 27420K, committed 28032K, reserved 1114112K
  class space    used 2808K, committed 3072K, reserved 1048576K
}
Event: 12.061 GC heap after
{Heap after GC invocations=8 (full 1):
 PSYoungGen      total 27136K, used 2548K [0x00000000eab00000, 0x00000000ecd00000, 0x0000000100000000)
  eden space 24576K, 0% used [0x00000000eab00000,0x00000000eab00000,0x00000000ec300000)
  from space 2560K, 99% used [0x00000000ec580000,0x00000000ec7fd170,0x00000000ec800000)
  to   space 5120K, 0% used [0x00000000ec800000,0x00000000ec800000,0x00000000ecd00000)
 ParOldGen       total 68608K, used 11946K [0x00000000c0000000, 0x00000000c4300000, 0x00000000eab00000)
  object space 68608K, 17% used [0x00000000c0000000,0x00000000c0baa978,0x00000000c4300000)
 Metaspace       used 27420K, committed 28032K, reserved 1114112K
  class space    used 2808K, committed 3072K, reserved 1048576K
}
Event: 12.211 GC heap before
{Heap before GC invocations=9 (full 1):
 PSYoungGen      total 27136K, used 27124K [0x00000000eab00000, 0x00000000ecd00000, 0x0000000100000000)
  eden space 24576K, 100% used [0x00000000eab00000,0x00000000ec300000,0x00000000ec300000)
  from space 2560K, 99% used [0x00000000ec580000,0x00000000ec7fd170,0x00000000ec800000)
  to   space 5120K, 0% used [0x00000000ec800000,0x00000000ec800000,0x00000000ecd00000)
 ParOldGen       total 68608K, used 11946K [0x00000000c0000000, 0x00000000c4300000, 0x00000000eab00000)
  object space 68608K, 17% used [0x00000000c0000000,0x00000000c0baa978,0x00000000c4300000)
 Metaspace       used 30150K, committed 30720K, reserved 1114112K
  class space    used 2987K, committed 3200K, reserved 1048576K
}
Event: 12.213 GC heap after
{Heap after GC invocations=9 (full 1):
 PSYoungGen      total 27136K, used 2570K [0x00000000eab00000, 0x00000000ecb00000, 0x0000000100000000)
  eden space 24064K, 0% used [0x00000000eab00000,0x00000000eab00000,0x00000000ec280000)
  from space 3072K, 83% used [0x00000000ec800000,0x00000000eca82a58,0x00000000ecb00000)
  to   space 3584K, 0% used [0x00000000ec400000,0x00000000ec400000,0x00000000ec780000)
 ParOldGen       total 68608K, used 11954K [0x00000000c0000000, 0x00000000c4300000, 0x00000000eab00000)
  object space 68608K, 17% used [0x00000000c0000000,0x00000000c0bac978,0x00000000c4300000)
 Metaspace       used 30150K, committed 30720K, reserved 1114112K
  class space    used 2987K, committed 3200K, reserved 1048576K
}
Event: 12.386 GC heap before
{Heap before GC invocations=10 (full 1):
 PSYoungGen      total 27136K, used 26634K [0x00000000eab00000, 0x00000000ecb00000, 0x0000000100000000)
  eden space 24064K, 100% used [0x00000000eab00000,0x00000000ec280000,0x00000000ec280000)
  from space 3072K, 83% used [0x00000000ec800000,0x00000000eca82a58,0x00000000ecb00000)
  to   space 3584K, 0% used [0x00000000ec400000,0x00000000ec400000,0x00000000ec780000)
 ParOldGen       total 68608K, used 11954K [0x00000000c0000000, 0x00000000c4300000, 0x00000000eab00000)
  object space 68608K, 17% used [0x00000000c0000000,0x00000000c0bac978,0x00000000c4300000)
 Metaspace       used 32055K, committed 32640K, reserved 1114112K
  class space    used 3131K, committed 3392K, reserved 1048576K
}
Event: 12.388 GC heap after
{Heap after GC invocations=10 (full 1):
 PSYoungGen      total 27136K, used 3551K [0x00000000eab00000, 0x00000000eca00000, 0x0000000100000000)
  eden space 23552K, 0% used [0x00000000eab00000,0x00000000eab00000,0x00000000ec200000)
  from space 3584K, 99% used [0x00000000ec400000,0x00000000ec777cb8,0x00000000ec780000)
  to   space 2560K, 0% used [0x00000000ec780000,0x00000000ec780000,0x00000000eca00000)
 ParOldGen       total 68608K, used 12958K [0x00000000c0000000, 0x00000000c4300000, 0x00000000eab00000)
  object space 68608K, 18% used [0x00000000c0000000,0x00000000c0ca79f8,0x00000000c4300000)
 Metaspace       used 32055K, committed 32640K, reserved 1114112K
  class space    used 3131K, committed 3392K, reserved 1048576K
}
Event: 12.887 GC heap before
{Heap before GC invocations=11 (full 1):
 PSYoungGen      total 27136K, used 19898K [0x00000000eab00000, 0x00000000eca00000, 0x0000000100000000)
  eden space 23552K, 69% used [0x00000000eab00000,0x00000000ebaf6e38,0x00000000ec200000)
  from space 3584K, 99% used [0x00000000ec400000,0x00000000ec777cb8,0x00000000ec780000)
  to   space 2560K, 0% used [0x00000000ec780000,0x00000000ec780000,0x00000000eca00000)
 ParOldGen       total 68608K, used 12958K [0x00000000c0000000, 0x00000000c4300000, 0x00000000eab00000)
  object space 68608K, 18% used [0x00000000c0000000,0x00000000c0ca79f8,0x00000000c4300000)
 Metaspace       used 35066K, committed 35840K, reserved 1114112K
  class space    used 3469K, committed 3776K, reserved 1048576K
}
Event: 12.889 GC heap after
{Heap after GC invocations=11 (full 1):
 PSYoungGen      total 26112K, used 2532K [0x00000000eab00000, 0x00000000ecc00000, 0x0000000100000000)
  eden space 23552K, 0% used [0x00000000eab00000,0x00000000eab00000,0x00000000ec200000)
  from space 2560K, 98% used [0x00000000ec780000,0x00000000ec9f9378,0x00000000eca00000)
  to   space 5120K, 0% used [0x00000000ec200000,0x00000000ec200000,0x00000000ec700000)
 ParOldGen       total 68608K, used 14858K [0x00000000c0000000, 0x00000000c4300000, 0x00000000eab00000)
  object space 68608K, 21% used [0x00000000c0000000,0x00000000c0e82ad8,0x00000000c4300000)
 Metaspace       used 35066K, committed 35840K, reserved 1114112K
  class space    used 3469K, committed 3776K, reserved 1048576K
}
Event: 12.889 GC heap before
{Heap before GC invocations=12 (full 2):
 PSYoungGen      total 26112K, used 2532K [0x00000000eab00000, 0x00000000ecc00000, 0x0000000100000000)
  eden space 23552K, 0% used [0x00000000eab00000,0x00000000eab00000,0x00000000ec200000)
  from space 2560K, 98% used [0x00000000ec780000,0x00000000ec9f9378,0x00000000eca00000)
  to   space 5120K, 0% used [0x00000000ec200000,0x00000000ec200000,0x00000000ec700000)
 ParOldGen       total 68608K, used 14858K [0x00000000c0000000, 0x00000000c4300000, 0x00000000eab00000)
  object space 68608K, 21% used [0x00000000c0000000,0x00000000c0e82ad8,0x00000000c4300000)
 Metaspace       used 35066K, committed 35840K, reserved 1114112K
  class space    used 3469K, committed 3776K, reserved 1048576K
}
Event: 12.913 GC heap after
{Heap after GC invocations=12 (full 2):
 PSYoungGen      total 26112K, used 0K [0x00000000eab00000, 0x00000000ecc00000, 0x0000000100000000)
  eden space 23552K, 0% used [0x00000000eab00000,0x00000000eab00000,0x00000000ec200000)
  from space 2560K, 0% used [0x00000000ec780000,0x00000000ec780000,0x00000000eca00000)
  to   space 5120K, 0% used [0x00000000ec200000,0x00000000ec200000,0x00000000ec700000)
 ParOldGen       total 68608K, used 14944K [0x00000000c0000000, 0x00000000c4300000, 0x00000000eab00000)
  object space 68608K, 21% used [0x00000000c0000000,0x00000000c0e98390,0x00000000c4300000)
 Metaspace       used 35066K, committed 35840K, reserved 1114112K
  class space    used 3469K, committed 3776K, reserved 1048576K
}
Event: 13.248 GC heap before
{Heap before GC invocations=13 (full 2):
 PSYoungGen      total 26112K, used 23552K [0x00000000eab00000, 0x00000000ecc00000, 0x0000000100000000)
  eden space 23552K, 100% used [0x00000000eab00000,0x00000000ec200000,0x00000000ec200000)
  from space 2560K, 0% used [0x00000000ec780000,0x00000000ec780000,0x00000000eca00000)
  to   space 5120K, 0% used [0x00000000ec200000,0x00000000ec200000,0x00000000ec700000)
 ParOldGen       total 68608K, used 14944K [0x00000000c0000000, 0x00000000c4300000, 0x00000000eab00000)
  object space 68608K, 21% used [0x00000000c0000000,0x00000000c0e98390,0x00000000c4300000)
 Metaspace       used 38200K, committed 39104K, reserved 1114112K
  class space    used 3858K, committed 4224K, reserved 1048576K
}
Event: 13.250 GC heap after
{Heap after GC invocations=13 (full 2):
 PSYoungGen      total 24576K, used 1301K [0x00000000eab00000, 0x00000000ec800000, 0x0000000100000000)
  eden space 23040K, 0% used [0x00000000eab00000,0x00000000eab00000,0x00000000ec180000)
  from space 1536K, 84% used [0x00000000ec200000,0x00000000ec345630,0x00000000ec380000)
  to   space 2560K, 0% used [0x00000000ec580000,0x00000000ec580000,0x00000000ec800000)
 ParOldGen       total 68608K, used 14952K [0x00000000c0000000, 0x00000000c4300000, 0x00000000eab00000)
  object space 68608K, 21% used [0x00000000c0000000,0x00000000c0e9a390,0x00000000c4300000)
 Metaspace       used 38200K, committed 39104K, reserved 1114112K
  class space    used 3858K, committed 4224K, reserved 1048576K
}

Dll operation events (10 events):
Event: 0.011 Loaded shared library c:\Users\witsa\.vscode\extensions\redhat.java-1.28.1-win32-x64\jre\17.0.10-win32-x86_64\bin\java.dll
Event: 0.184 Loaded shared library c:\Users\witsa\.vscode\extensions\redhat.java-1.28.1-win32-x64\jre\17.0.10-win32-x86_64\bin\zip.dll
Event: 0.187 Loaded shared library C:\Users\witsa\.vscode\extensions\redhat.java-1.28.1-win32-x64\jre\17.0.10-win32-x86_64\bin\instrument.dll
Event: 0.204 Loaded shared library C:\Users\witsa\.vscode\extensions\redhat.java-1.28.1-win32-x64\jre\17.0.10-win32-x86_64\bin\net.dll
Event: 0.210 Loaded shared library C:\Users\witsa\.vscode\extensions\redhat.java-1.28.1-win32-x64\jre\17.0.10-win32-x86_64\bin\nio.dll
Event: 0.218 Loaded shared library C:\Users\witsa\.vscode\extensions\redhat.java-1.28.1-win32-x64\jre\17.0.10-win32-x86_64\bin\zip.dll
Event: 0.240 Loaded shared library C:\Users\witsa\.vscode\extensions\redhat.java-1.28.1-win32-x64\jre\17.0.10-win32-x86_64\bin\jimage.dll
Event: 0.323 Loaded shared library c:\Users\witsa\.vscode\extensions\redhat.java-1.28.1-win32-x64\jre\17.0.10-win32-x86_64\bin\verify.dll
Event: 4.830 Loaded shared library C:\Users\witsa\AppData\Roaming\Code\User\globalStorage\redhat.java\1.28.1\config_win\org.eclipse.equinox.launcher\org.eclipse.equinox.launcher.win32.win32.x86_64_1.2.900.v20240129-1338\eclipse_11900.dll
Event: 12.849 Loaded shared library C:\Users\witsa\AppData\Local\Temp\jna-113142192\jna1227627264794441826.dll

Deoptimization events (20 events):
Event: 13.019 Thread 0x00000181ed3328f0 DEOPT PACKING pc=0x00000181dcdad530 sp=0x0000006931afe600
Event: 13.019 Thread 0x00000181ed3328f0 DEOPT UNPACKING pc=0x00000181dc709ea3 sp=0x0000006931afe588 mode 2
Event: 13.033 Thread 0x00000181d24f1150 DEOPT PACKING pc=0x00000181d5568f8c sp=0x000000692fcfa260
Event: 13.034 Thread 0x00000181d24f1150 DEOPT UNPACKING pc=0x00000181dc70a9e3 sp=0x000000692fcf97b0 mode 0
Event: 13.036 Thread 0x00000181ed3328f0 Uncommon trap: trap_request=0xffffff45 fr.pc=0x00000181dce04eac relative=0x00000000000000ac
Event: 13.036 Thread 0x00000181ed3328f0 Uncommon trap: reason=unstable_if action=reinterpret pc=0x00000181dce04eac method=org.codehaus.plexus.util.xml.pull.MXParser.more()C @ 8 c2
Event: 13.036 Thread 0x00000181ed3328f0 DEOPT PACKING pc=0x00000181dce04eac sp=0x0000006931afe840
Event: 13.036 Thread 0x00000181ed3328f0 DEOPT UNPACKING pc=0x00000181dc709ea3 sp=0x0000006931afe7d0 mode 2
Event: 13.037 Thread 0x00000181ed3328f0 Uncommon trap: trap_request=0xffffffde fr.pc=0x00000181dcd07fa4 relative=0x00000000000001e4
Event: 13.037 Thread 0x00000181ed3328f0 Uncommon trap: reason=class_check action=maybe_recompile pc=0x00000181dcd07fa4 method=java.io.BufferedInputStream.read1([BII)I @ 39 c2
Event: 13.037 Thread 0x00000181ed3328f0 DEOPT PACKING pc=0x00000181dcd07fa4 sp=0x0000006931afe380
Event: 13.037 Thread 0x00000181ed3328f0 DEOPT UNPACKING pc=0x00000181dc709ea3 sp=0x0000006931afe328 mode 2
Event: 13.327 Thread 0x00000181d24f1150 Uncommon trap: trap_request=0xffffffde fr.pc=0x00000181dcd916bc relative=0x000000000000003c
Event: 13.327 Thread 0x00000181d24f1150 Uncommon trap: reason=class_check action=maybe_recompile pc=0x00000181dcd916bc method=java.lang.StringConcatHelper.stringOf(Ljava/lang/Object;)Ljava/lang/String; @ 5 c2
Event: 13.327 Thread 0x00000181d24f1150 DEOPT PACKING pc=0x00000181dcd916bc sp=0x000000692fcfdca0
Event: 13.327 Thread 0x00000181d24f1150 DEOPT UNPACKING pc=0x00000181dc709ea3 sp=0x000000692fcfdc30 mode 2
Event: 13.336 Thread 0x00000181d24f1150 Uncommon trap: trap_request=0xffffff45 fr.pc=0x00000181dcd4fd34 relative=0x0000000000000114
Event: 13.336 Thread 0x00000181d24f1150 Uncommon trap: reason=unstable_if action=reinterpret pc=0x00000181dcd4fd34 method=jdk.internal.org.objectweb.asm.SymbolTable.put(Ljdk/internal/org/objectweb/asm/SymbolTable$Entry;)Ljdk/internal/org/objectweb/asm/SymbolTable$Entry; @ 13 c2
Event: 13.336 Thread 0x00000181d24f1150 DEOPT PACKING pc=0x00000181dcd4fd34 sp=0x000000692fcfd8c0
Event: 13.336 Thread 0x00000181d24f1150 DEOPT UNPACKING pc=0x00000181dc709ea3 sp=0x000000692fcfd820 mode 2

Classes unloaded (7 events):
Event: 11.525 Thread 0x00000181d257b2d0 Unloading class 0x0000000100248400 'java/lang/invoke/LambdaForm$MH+0x0000000100248400'
Event: 11.525 Thread 0x00000181d257b2d0 Unloading class 0x0000000100248000 'java/lang/invoke/LambdaForm$MH+0x0000000100248000'
Event: 11.525 Thread 0x00000181d257b2d0 Unloading class 0x0000000100247c00 'java/lang/invoke/LambdaForm$MH+0x0000000100247c00'
Event: 11.525 Thread 0x00000181d257b2d0 Unloading class 0x0000000100247800 'java/lang/invoke/LambdaForm$MH+0x0000000100247800'
Event: 11.525 Thread 0x00000181d257b2d0 Unloading class 0x0000000100247400 'java/lang/invoke/LambdaForm$BMH+0x0000000100247400'
Event: 11.525 Thread 0x00000181d257b2d0 Unloading class 0x0000000100247000 'java/lang/invoke/LambdaForm$DMH+0x0000000100247000'
Event: 11.525 Thread 0x00000181d257b2d0 Unloading class 0x0000000100244400 'java/lang/invoke/LambdaForm$DMH+0x0000000100244400'

Classes redefined (0 events):
No events

Internal exceptions (20 events):
Event: 12.445 Thread 0x00000181ecfa97e0 Exception <a 'java/lang/ClassNotFoundException'{0x00000000eabfb960}: com/sun/org/apache/xerces/internal/impl/msg/spi/DOMMessagesProvider> (0x00000000eabfb960) 
thrown [s\src\hotspot\share\classfile\systemDictionary.cpp, line 256]
Event: 12.447 Thread 0x00000181ecfa97e0 Exception <a 'java/lang/ClassNotFoundException'{0x00000000eac0d0e8}: com/sun/org/apache/xerces/internal/impl/msg/spi/XMLSerializerMessagesProvider> (0x00000000eac0d0e8) 
thrown [s\src\hotspot\share\classfile\systemDictionary.cpp, line 256]
Event: 12.448 Thread 0x00000181ecfa97e0 Exception <a 'java/lang/ClassNotFoundException'{0x00000000eac1a320}: com/sun/org/apache/xerces/internal/impl/msg/spi/XMLMessagesProvider> (0x00000000eac1a320) 
thrown [s\src\hotspot\share\classfile\systemDictionary.cpp, line 256]
Event: 12.502 Thread 0x00000181ecfa97e0 Exception <a 'java/lang/NoSuchMethodError'{0x00000000eae811f0}: 'java.lang.Object java.lang.invoke.DirectMethodHandle$Holder.invokeStaticInit(java.lang.Object, int, int, int, int)'> (0x00000000eae811f0) 
thrown [s\src\hotspot\share\interpreter\linkResolver.cpp, line 759]
Event: 12.586 Thread 0x00000181ecfa97e0 Exception <a 'java/lang/NoSuchMethodError'{0x00000000eafaa430}: 'java.lang.Object java.lang.invoke.DirectMethodHandle$Holder.invokeStaticInit(java.lang.Object, java.lang.Object, int, int, int, int)'> (0x00000000eafaa430) 
thrown [s\src\hotspot\share\interpreter\linkResolver.cpp, line 759]
Event: 12.645 Thread 0x00000181ecfa97e0 Exception <a 'java/lang/ClassNotFoundException'{0x00000000eb37caf8}: com/sun/org/apache/xml/internal/serializer/spi/XMLEntitiesProvider> (0x00000000eb37caf8) 
thrown [s\src\hotspot\share\classfile\systemDictionary.cpp, line 256]
Event: 12.750 Thread 0x00000181ecfa97e0 Exception <a 'java/io/FileNotFoundException'{0x00000000eb77cf28}> (0x00000000eb77cf28) 
thrown [s\src\hotspot\share\prims\jni.cpp, line 516]
Event: 12.878 Thread 0x00000181ecfa97e0 Exception <a 'java/lang/UnsatisfiedLinkError'{0x00000000eba8fbc0}: The specified procedure could not be found.
> (0x00000000eba8fbc0) 
thrown [s\src\hotspot\share\prims\jni.cpp, line 535]
Event: 12.883 Thread 0x00000181ecfa97e0 Exception <a 'java/io/FileNotFoundException'{0x00000000ebab6f50}> (0x00000000ebab6f50) 
thrown [s\src\hotspot\share\prims\jni.cpp, line 516]
Event: 12.923 Thread 0x00000181ecfa97e0 Exception <a 'java/io/FileNotFoundException'{0x00000000eab90e08}> (0x00000000eab90e08) 
thrown [s\src\hotspot\share\prims\jni.cpp, line 516]
Event: 12.933 Thread 0x00000181ecfa97e0 Exception <a 'java/lang/UnsatisfiedLinkError'{0x00000000eac239b0}: The specified procedure could not be found.
> (0x00000000eac239b0) 
thrown [s\src\hotspot\share\prims\jni.cpp, line 535]
Event: 12.958 Thread 0x00000181d24f1150 Exception <a 'sun/nio/fs/WindowsException'{0x00000000ead1c7d8}> (0x00000000ead1c7d8) 
thrown [s\src\hotspot\share\prims\jni.cpp, line 516]
Event: 12.992 Thread 0x00000181ed3328f0 Exception <a 'java/lang/NoSuchMethodError'{0x00000000eaf05310}: 'void java.lang.invoke.DirectMethodHandle$Holder.invokeStatic(java.lang.Object, java.lang.Object, java.lang.Object, java.lang.Object)'> (0x00000000eaf05310) 
thrown [s\src\hotspot\share\interpreter\linkResolver.cpp, line 759]
Event: 13.044 Thread 0x00000181ed3328f0 Exception <a 'java/lang/NoSuchMethodError'{0x00000000eb4104a8}: 'java.lang.Object java.lang.invoke.DirectMethodHandle$Holder.invokeSpecialIFC(java.lang.Object, java.lang.Object, java.lang.Object, java.lang.Object)'> (0x00000000eb4104a8) 
thrown [s\src\hotspot\share\interpreter\linkResolver.cpp, line 759]
Event: 13.051 Thread 0x00000181d24f1150 Exception <a 'java/lang/NoSuchMethodError'{0x00000000eb4c6550}: 'java.lang.Object java.lang.invoke.DirectMethodHandle$Holder.invokeStatic(java.lang.Object, java.lang.Object, long, java.lang.Object)'> (0x00000000eb4c6550) 
thrown [s\src\hotspot\share\interpreter\linkResolver.cpp, line 759]
Event: 13.052 Thread 0x00000181d24f1150 Exception <a 'java/lang/NoSuchMethodError'{0x00000000eb4ec608}: 'java.lang.Object java.lang.invoke.DirectMethodHandle$Holder.invokeStaticInit(java.lang.Object, java.lang.Object, long, java.lang.Object)'> (0x00000000eb4ec608) 
thrown [s\src\hotspot\share\interpreter\linkResolver.cpp, line 759]
Event: 13.052 Thread 0x00000181d24f1150 Exception <a 'java/lang/NoSuchMethodError'{0x00000000eb4f2e60}: 'java.lang.Object java.lang.invoke.DirectMethodHandle$Holder.newInvokeSpecial(java.lang.Object, java.lang.Object, long)'> (0x00000000eb4f2e60) 
thrown [s\src\hotspot\share\interpreter\linkResolver.cpp, line 759]
Event: 13.299 Thread 0x00000181ed3328f0 Exception <a 'java/lang/NoSuchMethodError'{0x00000000eb168ce0}: 'int java.lang.invoke.DirectMethodHandle$Holder.invokeSpecialIFC(java.lang.Object, java.lang.Object, java.lang.Object, java.lang.Object, java.lang.Object)'> (0x00000000eb168ce0) 
thrown [s\src\hotspot\share\interpreter\linkResolver.cpp, line 759]
Event: 13.326 Thread 0x00000181d24f1150 Exception <a 'java/lang/NoSuchMethodError'{0x00000000eb5607e8}: 'void java.lang.invoke.DirectMethodHandle$Holder.invokeSpecial(java.lang.Object, java.lang.Object, java.lang.Object, java.lang.Object, java.lang.Object, java.lang.Object)'> (0x00000000eb5607e8) 
thrown [s\src\hotspot\share\interpreter\linkResolver.cpp, line 759]
Event: 13.328 Thread 0x00000181d24f1150 Exception <a 'java/lang/IncompatibleClassChangeError'{0x00000000eb56a018}: Found class java.lang.Object, but interface was expected> (0x00000000eb56a018) 
thrown [s\src\hotspot\share\interpreter\linkResolver.cpp, line 826]

VM Operations (20 events):
Event: 12.372 Executing VM operation: HandshakeAllThreads
Event: 12.372 Executing VM operation: HandshakeAllThreads done
Event: 12.386 Executing VM operation: ParallelGCFailedAllocation
Event: 12.388 Executing VM operation: ParallelGCFailedAllocation done
Event: 12.486 Executing VM operation: HandshakeAllThreads
Event: 12.486 Executing VM operation: HandshakeAllThreads done
Event: 12.575 Executing VM operation: HandshakeAllThreads
Event: 12.575 Executing VM operation: HandshakeAllThreads done
Event: 12.679 Executing VM operation: HandshakeAllThreads
Event: 12.679 Executing VM operation: HandshakeAllThreads done
Event: 12.863 Executing VM operation: HandshakeAllThreads
Event: 12.863 Executing VM operation: HandshakeAllThreads done
Event: 12.887 Executing VM operation: CollectForMetadataAllocation
Event: 12.914 Executing VM operation: CollectForMetadataAllocation done
Event: 13.007 Executing VM operation: HandshakeAllThreads
Event: 13.007 Executing VM operation: HandshakeAllThreads done
Event: 13.064 Executing VM operation: HandshakeAllThreads
Event: 13.064 Executing VM operation: HandshakeAllThreads done
Event: 13.248 Executing VM operation: ParallelGCFailedAllocation
Event: 13.250 Executing VM operation: ParallelGCFailedAllocation done

Events (20 events):
Event: 13.388 loading class java/lang/invoke/VarHandleInts$FieldStaticReadWrite
Event: 13.389 loading class java/lang/invoke/VarHandleInts$FieldStaticReadOnly
Event: 13.389 loading class java/lang/invoke/VarHandleInts$FieldStaticReadOnly done
Event: 13.389 loading class java/lang/invoke/VarHandleInts$FieldStaticReadWrite done
Event: 13.389 loading class java/util/concurrent/ForkJoinPool$DefaultForkJoinWorkerThreadFactory
Event: 13.389 loading class java/util/concurrent/ForkJoinPool$ForkJoinWorkerThreadFactory
Event: 13.389 loading class java/util/concurrent/ForkJoinPool$ForkJoinWorkerThreadFactory done
Event: 13.389 loading class java/util/concurrent/ForkJoinPool$DefaultForkJoinWorkerThreadFactory done
Event: 13.389 loading class java/util/concurrent/ForkJoinPool$1
Event: 13.389 loading class java/util/concurrent/ForkJoinPool$1 done
Event: 13.389 loading class java/util/concurrent/ForkJoinPool$DefaultCommonPoolForkJoinWorkerThreadFactory
Event: 13.389 loading class java/util/concurrent/ForkJoinPool$DefaultCommonPoolForkJoinWorkerThreadFactory done
Event: 13.389 loading class java/util/concurrent/ForkJoinPool$WorkQueue
Event: 13.390 loading class java/util/concurrent/ForkJoinPool$WorkQueue done
Event: 13.411 loading class java/lang/annotation/ElementType
Event: 13.411 loading class java/lang/annotation/ElementType done
Event: 13.458 loading class sun/reflect/generics/repository/FieldRepository
Event: 13.458 loading class sun/reflect/generics/repository/FieldRepository done
Event: 13.474 loading class jdk/internal/reflect/UnsafeQualifiedIntegerFieldAccessorImpl
Event: 13.476 loading class jdk/internal/reflect/UnsafeQualifiedIntegerFieldAccessorImpl done


Dynamic libraries:
0x00007ff796240000 - 0x00007ff79624e000 	c:\Users\witsa\.vscode\extensions\redhat.java-1.28.1-win32-x64\jre\17.0.10-win32-x86_64\bin\java.exe
0x00007ffa73af0000 - 0x00007ffa73d07000 	C:\WINDOWS\SYSTEM32\ntdll.dll
0x00007ffa72df0000 - 0x00007ffa72eb4000 	C:\WINDOWS\System32\KERNEL32.DLL
0x00007ffa70ea0000 - 0x00007ffa71246000 	C:\WINDOWS\System32\KERNELBASE.dll
0x00007ffa71550000 - 0x00007ffa71661000 	C:\WINDOWS\System32\ucrtbase.dll
0x00007ffa58a90000 - 0x00007ffa58aab000 	c:\Users\witsa\.vscode\extensions\redhat.java-1.28.1-win32-x64\jre\17.0.10-win32-x86_64\bin\VCRUNTIME140.dll
0x00007ffa653b0000 - 0x00007ffa653c7000 	c:\Users\witsa\.vscode\extensions\redhat.java-1.28.1-win32-x64\jre\17.0.10-win32-x86_64\bin\jli.dll
0x00007ffa71b90000 - 0x00007ffa71d3e000 	C:\WINDOWS\System32\USER32.dll
0x00007ffa71250000 - 0x00007ffa71276000 	C:\WINDOWS\System32\win32u.dll
0x00007ffa51290000 - 0x00007ffa51523000 	C:\WINDOWS\WinSxS\amd64_microsoft.windows.common-controls_6595b64144ccf1df_6.0.22621.2506_none_270c5ae97388e100\COMCTL32.dll
0x00007ffa71e60000 - 0x00007ffa71e89000 	C:\WINDOWS\System32\GDI32.dll
0x00007ffa73180000 - 0x00007ffa73227000 	C:\WINDOWS\System32\msvcrt.dll
0x00007ffa71720000 - 0x00007ffa71838000 	C:\WINDOWS\System32\gdi32full.dll
0x00007ffa71280000 - 0x00007ffa7131a000 	C:\WINDOWS\System32\msvcp_win.dll
0x00007ffa72ec0000 - 0x00007ffa72ef1000 	C:\WINDOWS\System32\IMM32.DLL
0x00007ffa63260000 - 0x00007ffa6326c000 	c:\Users\witsa\.vscode\extensions\redhat.java-1.28.1-win32-x64\jre\17.0.10-win32-x86_64\bin\vcruntime140_1.dll
0x00007ffa33b30000 - 0x00007ffa33bbd000 	c:\Users\witsa\.vscode\extensions\redhat.java-1.28.1-win32-x64\jre\17.0.10-win32-x86_64\bin\msvcp140.dll
0x00007ffa12ed0000 - 0x00007ffa13b32000 	c:\Users\witsa\.vscode\extensions\redhat.java-1.28.1-win32-x64\jre\17.0.10-win32-x86_64\bin\server\jvm.dll
0x00007ffa738e0000 - 0x00007ffa73993000 	C:\WINDOWS\System32\ADVAPI32.dll
0x00007ffa71ae0000 - 0x00007ffa71b88000 	C:\WINDOWS\System32\sechost.dll
0x00007ffa716f0000 - 0x00007ffa71718000 	C:\WINDOWS\System32\bcrypt.dll
0x00007ffa71d40000 - 0x00007ffa71e57000 	C:\WINDOWS\System32\RPCRT4.dll
0x00007ffa6fc80000 - 0x00007ffa6fccd000 	C:\WINDOWS\SYSTEM32\POWRPROF.dll
0x00007ffa68130000 - 0x00007ffa68139000 	C:\WINDOWS\SYSTEM32\WSOCK32.dll
0x00007ffa63520000 - 0x00007ffa63554000 	C:\WINDOWS\SYSTEM32\WINMM.dll
0x00007ffa66ab0000 - 0x00007ffa66aba000 	C:\WINDOWS\SYSTEM32\VERSION.dll
0x00007ffa71890000 - 0x00007ffa71901000 	C:\WINDOWS\System32\WS2_32.dll
0x00007ffa6fc60000 - 0x00007ffa6fc73000 	C:\WINDOWS\SYSTEM32\UMPDC.dll
0x00007ffa6ff20000 - 0x00007ffa6ff38000 	C:\WINDOWS\SYSTEM32\kernel.appcore.dll
0x00007ffa620b0000 - 0x00007ffa620ba000 	c:\Users\witsa\.vscode\extensions\redhat.java-1.28.1-win32-x64\jre\17.0.10-win32-x86_64\bin\jimage.dll
0x00007ffa6e770000 - 0x00007ffa6e9a3000 	C:\WINDOWS\SYSTEM32\DBGHELP.DLL
0x00007ffa733f0000 - 0x00007ffa73779000 	C:\WINDOWS\System32\combase.dll
0x00007ffa71e90000 - 0x00007ffa71f67000 	C:\WINDOWS\System32\OLEAUT32.dll
0x00007ffa51da0000 - 0x00007ffa51dd2000 	C:\WINDOWS\SYSTEM32\dbgcore.DLL
0x00007ffa71670000 - 0x00007ffa716ea000 	C:\WINDOWS\System32\bcryptPrimitives.dll
0x00007ffa5d800000 - 0x00007ffa5d80e000 	c:\Users\witsa\.vscode\extensions\redhat.java-1.28.1-win32-x64\jre\17.0.10-win32-x86_64\bin\instrument.dll
0x00007ffa51ed0000 - 0x00007ffa51ef5000 	c:\Users\witsa\.vscode\extensions\redhat.java-1.28.1-win32-x64\jre\17.0.10-win32-x86_64\bin\java.dll
0x00007ffa54160000 - 0x00007ffa54178000 	c:\Users\witsa\.vscode\extensions\redhat.java-1.28.1-win32-x64\jre\17.0.10-win32-x86_64\bin\zip.dll
0x00007ffa72530000 - 0x00007ffa72d8b000 	C:\WINDOWS\System32\SHELL32.dll
0x00007ffa6ed50000 - 0x00007ffa6f646000 	C:\WINDOWS\SYSTEM32\windows.storage.dll
0x00007ffa6ec10000 - 0x00007ffa6ed4e000 	C:\WINDOWS\SYSTEM32\wintypes.dll
0x00007ffa739b0000 - 0x00007ffa73aa3000 	C:\WINDOWS\System32\SHCORE.dll
0x00007ffa73120000 - 0x00007ffa7317e000 	C:\WINDOWS\System32\shlwapi.dll
0x00007ffa70d60000 - 0x00007ffa70d86000 	C:\WINDOWS\SYSTEM32\profapi.dll
0x00007ffa51c20000 - 0x00007ffa51c39000 	C:\Users\witsa\.vscode\extensions\redhat.java-1.28.1-win32-x64\jre\17.0.10-win32-x86_64\bin\net.dll
0x00007ffa683c0000 - 0x00007ffa684f7000 	C:\WINDOWS\SYSTEM32\WINHTTP.dll
0x00007ffa703a0000 - 0x00007ffa70409000 	C:\WINDOWS\system32\mswsock.dll
0x00007ffa51c00000 - 0x00007ffa51c16000 	C:\Users\witsa\.vscode\extensions\redhat.java-1.28.1-win32-x64\jre\17.0.10-win32-x86_64\bin\nio.dll
0x00007ffa57800000 - 0x00007ffa57810000 	c:\Users\witsa\.vscode\extensions\redhat.java-1.28.1-win32-x64\jre\17.0.10-win32-x86_64\bin\verify.dll
0x00007ffa25db0000 - 0x00007ffa25dee000 	C:\Users\witsa\AppData\Roaming\Code\User\globalStorage\redhat.java\1.28.1\config_win\org.eclipse.equinox.launcher\org.eclipse.equinox.launcher.win32.win32.x86_64_1.2.900.v20240129-1338\eclipse_11900.dll
0x00007ffa71920000 - 0x00007ffa71ac0000 	C:\WINDOWS\System32\ole32.dll
0x00007ffa705d0000 - 0x00007ffa705eb000 	C:\WINDOWS\SYSTEM32\CRYPTSP.dll
0x00007ffa6fe80000 - 0x00007ffa6feb5000 	C:\WINDOWS\system32\rsaenh.dll
0x00007ffa70460000 - 0x00007ffa7048c000 	C:\WINDOWS\SYSTEM32\USERENV.dll
0x00007ffa705c0000 - 0x00007ffa705cc000 	C:\WINDOWS\SYSTEM32\CRYPTBASE.dll
0x00007ffa6f920000 - 0x00007ffa6f94d000 	C:\WINDOWS\SYSTEM32\IPHLPAPI.DLL
0x00007ffa720a0000 - 0x00007ffa720a9000 	C:\WINDOWS\System32\NSI.dll
0x00007ffa68360000 - 0x00007ffa68379000 	C:\WINDOWS\SYSTEM32\dhcpcsvc6.DLL
0x00007ffa68320000 - 0x00007ffa6833f000 	C:\WINDOWS\SYSTEM32\dhcpcsvc.DLL
0x00007ffa6f950000 - 0x00007ffa6fa49000 	C:\WINDOWS\SYSTEM32\DNSAPI.dll
0x00007ffa1e840000 - 0x00007ffa1e885000 	C:\Users\witsa\AppData\Local\Temp\jna-113142192\jna1227627264794441826.dll
0x00007ffa739a0000 - 0x00007ffa739a8000 	C:\WINDOWS\System32\PSAPI.DLL

dbghelp: loaded successfully - version: 4.0.5 - missing functions: none
symbol engine: initialized successfully - sym options: 0x614 - pdb path: .;c:\Users\witsa\.vscode\extensions\redhat.java-1.28.1-win32-x64\jre\17.0.10-win32-x86_64\bin;C:\WINDOWS\SYSTEM32;C:\WINDOWS\WinSxS\amd64_microsoft.windows.common-controls_6595b64144ccf1df_6.0.22621.2506_none_270c5ae97388e100;c:\Users\witsa\.vscode\extensions\redhat.java-1.28.1-win32-x64\jre\17.0.10-win32-x86_64\bin\server;C:\Users\witsa\AppData\Roaming\Code\User\globalStorage\redhat.java\1.28.1\config_win\org.eclipse.equinox.launcher\org.eclipse.equinox.launcher.win32.win32.x86_64_1.2.900.v20240129-1338;C:\Users\witsa\AppData\Local\Temp\jna-113142192

VM Arguments:
jvm_args: --add-modules=ALL-SYSTEM --add-opens=java.base/java.util=ALL-UNNAMED --add-opens=java.base/java.lang=ALL-UNNAMED --add-opens=java.base/sun.nio.fs=ALL-UNNAMED -Declipse.application=org.eclipse.jdt.ls.core.id1 -Dosgi.bundles.defaultStartLevel=4 -Declipse.product=org.eclipse.jdt.ls.core.product -Djava.import.generatesMetadataFilesAtProjectRoot=false -DDetectVMInstallationsJob.disabled=true -Dfile.encoding=utf8 -XX:+UseParallelGC -XX:GCTimeRatio=4 -XX:AdaptiveSizePolicyWeight=90 -Dsun.zip.disableMemoryMapping=true -Xmx1G -Xms100m -Xlog:disable -javaagent:c:\Users\witsa\.vscode\extensions\redhat.java-1.28.1-win32-x64\lombok\lombok-1.18.31.jar -XX:+HeapDumpOnOutOfMemoryError -XX:HeapDumpPath=c:\Users\witsa\AppData\Roaming\Code\User\workspaceStorage\033dae70a1fcf7411acd14cd74291c68\redhat.java -Daether.dependencyCollector.impl=bf 
java_command: c:\Users\witsa\.vscode\extensions\redhat.java-1.28.1-win32-x64\server\plugins\org.eclipse.equinox.launcher_1.6.700.v20231214-2017.jar -configuration c:\Users\witsa\AppData\Roaming\Code\User\globalStorage\redhat.java\1.28.1\config_win -data c:\Users\witsa\AppData\Roaming\Code\User\workspaceStorage\033dae70a1fcf7411acd14cd74291c68\redhat.java\jdt_ws --stdio
java_class_path (initial): c:\Users\witsa\.vscode\extensions\redhat.java-1.28.1-win32-x64\server\plugins\org.eclipse.equinox.launcher_1.6.700.v20231214-2017.jar
Launcher Type: SUN_STANDARD

[Global flags]
    uintx AdaptiveSizePolicyWeight                 = 90                                        {product} {command line}
     intx CICompilerCount                          = 4                                         {product} {ergonomic}
    uintx GCTimeRatio                              = 4                                         {product} {command line}
     bool HeapDumpOnOutOfMemoryError               = true                                   {manageable} {command line}
    ccstr HeapDumpPath                             = c:\Users\witsa\AppData\Roaming\Code\User\workspaceStorage\033dae70a1fcf7411acd14cd74291c68\redhat.java         {manageable} {command line}
   size_t InitialHeapSize                          = 104857600                                 {product} {command line}
   size_t MaxHeapSize                              = 1073741824                                {product} {command line}
   size_t MaxNewSize                               = 357564416                                 {product} {ergonomic}
   size_t MinHeapDeltaBytes                        = 524288                                    {product} {ergonomic}
   size_t MinHeapSize                              = 104857600                                 {product} {command line}
   size_t NewSize                                  = 34603008                                  {product} {ergonomic}
    uintx NonNMethodCodeHeapSize                   = 5839372                                {pd product} {ergonomic}
    uintx NonProfiledCodeHeapSize                  = 122909434                              {pd product} {ergonomic}
   size_t OldSize                                  = 70254592                                  {product} {ergonomic}
    uintx ProfiledCodeHeapSize                     = 122909434                              {pd product} {ergonomic}
    uintx ReservedCodeCacheSize                    = 251658240                              {pd product} {ergonomic}
     bool SegmentedCodeCache                       = true                                      {product} {ergonomic}
   size_t SoftMaxHeapSize                          = 1073741824                             {manageable} {ergonomic}
     bool UseCompressedClassPointers               = true                           {product lp64_product} {ergonomic}
     bool UseCompressedOops                        = true                           {product lp64_product} {ergonomic}
     bool UseLargePagesIndividualAllocation        = false                                  {pd product} {ergonomic}
     bool UseParallelGC                            = true                                      {product} {command line}

Logging:
Log output configuration:
 #0: stdout all=off uptime,level,tags
 #1: stderr all=off uptime,level,tags

Environment Variables:
PATH=C:\Program Files\Common Files\Oracle\Java\javapath;C:\Windows\system32;C:\Windows;C:\Windows\System32\Wbem;C:\Windows\System32\WindowsPowerShell\v1.0\;C:\Windows\System32\OpenSSH\;C:\Program Files (x86)\NVIDIA Corporation\PhysX\Common;C:\Program Files\NVIDIA Corporation\NVIDIA NvDLISR;C:\WINDOWS\system32;C:\WINDOWS;C:\WINDOWS\System32\Wbem;C:\WINDOWS\System32\WindowsPowerShell\v1.0\;C:\WINDOWS\System32\OpenSSH\;C:\msys64\usr\bin;C:\Program Files\Git\cmd;C:\Program Files\GitHub CLI\;C:\Program Files\Docker\Docker\resources\bin;C:\Program Files\Go\bin;C:\Program Files\dotnet\;C:\Program Files\nodejs\;C:\Users\witsa\AppData\Local\Microsoft\WindowsApps;C:\Users\witsa\AppData\Local\Programs\Microsoft VS Code\bin;C:\Users\witsa\go\bin;C:\Program Files\JetBrains\IntelliJ IDEA 2023.3.3\bin;C:\Users\witsa\AppData\Roaming\npm;C:\Users\witsa\AppData\Local\Programs\oh-my-posh\bin;C:\Users\witsa\bin\;C:\Users\witsa\AppData\Local\atom\bin
USERNAME=witsa
OS=Windows_NT
PROCESSOR_IDENTIFIER=Intel64 Family 6 Model 140 Stepping 1, GenuineIntel
TMP=C:\Users\witsa\AppData\Local\Temp
TEMP=C:\Users\witsa\AppData\Local\Temp



Periodic native trim disabled


---------------  S Y S T E M  ---------------

OS:
 Windows 11 , 64 bit Build 22621 (10.0.22621.3085)
OS uptime: 7 days 2:06 hours
Hyper-V role detected

CPU: total 8 (initial active 8) (4 cores per cpu, 2 threads per core) family 6 model 140 stepping 1 microcode 0x86, cx8, cmov, fxsr, ht, mmx, 3dnowpref, sse, sse2, sse3, ssse3, sse4.1, sse4.2, popcnt, lzcnt, tsc, tscinvbit, avx, avx2, aes, erms, clmul, bmi1, bmi2, adx, avx512f, avx512dq, avx512cd, avx512bw, avx512vl, sha, fma, vzeroupper, avx512_vpopcntdq, avx512_vpclmulqdq, avx512_vaes, avx512_vnni, clflush, clflushopt, clwb, avx512_vbmi2, avx512_vbmi, hv
Processor Information for all 8 processors :
  Max Mhz: 3110, Current Mhz: 3110, Mhz Limit: 3110

Memory: 4k page, system-wide physical 16075M (2200M free)
TotalPageFile size 65227M (AvailPageFile size 5M)
current process WorkingSet (physical memory assigned to process): 184M, peak: 186M
current process commit charge ("private bytes"): 281M, peak: 284M

vm_info: OpenJDK 64-Bit Server VM (17.0.10+7) for windows-amd64 JRE (17.0.10+7), built on Jan 16 2024 23:25:11 by "admin" with MS VC++ 16.10 / 16.11 (VS2019)

END.
